[14-Jun-2019 10:18:53 UTC] PHP Warning:  include(/home4/ki317500/public_html/vendor/composer/../../app/Http/Kernel.php): failed to open stream: No such file or directory in /home4/ki317500/public_html/vendor/composer/ClassLoader.php on line 444
[14-Jun-2019 10:18:53 UTC] PHP Warning:  include(): Failed opening '/home4/ki317500/public_html/vendor/composer/../../app/Http/Kernel.php' for inclusion (include_path='.:/usr/lib/php:/usr/local/lib/php') in /home4/ki317500/public_html/vendor/composer/ClassLoader.php on line 444
[14-Jun-2019 10:18:53 UTC] PHP Fatal error:  Uncaught exception 'ReflectionException' with message 'Class App\Http\Kernel does not exist' in /home4/ki317500/public_html/vendor/laravel/framework/src/Illuminate/Container/Container.php:729
Stack trace:
#0 /home4/ki317500/public_html/vendor/laravel/framework/src/Illuminate/Container/Container.php(729): ReflectionClass->__construct('App\\Http\\Kernel')
#1 /home4/ki317500/public_html/vendor/laravel/framework/src/Illuminate/Container/Container.php(608): Illuminate\Container\Container->build('App\\Http\\Kernel')
#2 /home4/ki317500/public_html/vendor/laravel/framework/src/Illuminate/Container/Container.php(564): Illuminate\Container\Container->resolve('App\\Http\\Kernel', Array)
#3 /home4/ki317500/public_html/vendor/laravel/framework/src/Illuminate/Foundation/Application.php(709): Illuminate\Container\Container->makeWith('App\\Http\\Kernel', Array)
#4 /home4/ki317500/public_html/vendor/laravel/framework/src/Illuminate/Container/Container.php(248): Illuminate\Foundation\Application->makeWith('App\\Http\\Kernel',  in /home4/ki317500/public_html/vendor/laravel/framework/src/Illuminate/Container/Container.php on line 729
[14-Jun-2019 10:18:59 UTC] PHP Warning:  include(/home4/ki317500/public_html/vendor/composer/../../app/Http/Kernel.php): failed to open stream: No such file or directory in /home4/ki317500/public_html/vendor/composer/ClassLoader.php on line 444
[14-Jun-2019 10:18:59 UTC] PHP Warning:  include(): Failed opening '/home4/ki317500/public_html/vendor/composer/../../app/Http/Kernel.php' for inclusion (include_path='.:/usr/lib/php:/usr/local/lib/php') in /home4/ki317500/public_html/vendor/composer/ClassLoader.php on line 444
[14-Jun-2019 10:18:59 UTC] PHP Fatal error:  Uncaught exception 'ReflectionException' with message 'Class App\Http\Kernel does not exist' in /home4/ki317500/public_html/vendor/laravel/framework/src/Illuminate/Container/Container.php:729
Stack trace:
#0 /home4/ki317500/public_html/vendor/laravel/framework/src/Illuminate/Container/Container.php(729): ReflectionClass->__construct('App\\Http\\Kernel')
#1 /home4/ki317500/public_html/vendor/laravel/framework/src/Illuminate/Container/Container.php(608): Illuminate\Container\Container->build('App\\Http\\Kernel')
#2 /home4/ki317500/public_html/vendor/laravel/framework/src/Illuminate/Container/Container.php(564): Illuminate\Container\Container->resolve('App\\Http\\Kernel', Array)
#3 /home4/ki317500/public_html/vendor/laravel/framework/src/Illuminate/Foundation/Application.php(709): Illuminate\Container\Container->makeWith('App\\Http\\Kernel', Array)
#4 /home4/ki317500/public_html/vendor/laravel/framework/src/Illuminate/Container/Container.php(248): Illuminate\Foundation\Application->makeWith('App\\Http\\Kernel',  in /home4/ki317500/public_html/vendor/laravel/framework/src/Illuminate/Container/Container.php on line 729
[14-Jun-2019 10:19:14 UTC] PHP Warning:  include(/home4/ki317500/public_html/vendor/composer/../../app/Http/Kernel.php): failed to open stream: No such file or directory in /home4/ki317500/public_html/vendor/composer/ClassLoader.php on line 444
[14-Jun-2019 10:19:14 UTC] PHP Warning:  include(): Failed opening '/home4/ki317500/public_html/vendor/composer/../../app/Http/Kernel.php' for inclusion (include_path='.:/usr/lib/php:/usr/local/lib/php') in /home4/ki317500/public_html/vendor/composer/ClassLoader.php on line 444
[14-Jun-2019 10:19:14 UTC] PHP Fatal error:  Uncaught exception 'ReflectionException' with message 'Class App\Http\Kernel does not exist' in /home4/ki317500/public_html/vendor/laravel/framework/src/Illuminate/Container/Container.php:729
Stack trace:
#0 /home4/ki317500/public_html/vendor/laravel/framework/src/Illuminate/Container/Container.php(729): ReflectionClass->__construct('App\\Http\\Kernel')
#1 /home4/ki317500/public_html/vendor/laravel/framework/src/Illuminate/Container/Container.php(608): Illuminate\Container\Container->build('App\\Http\\Kernel')
#2 /home4/ki317500/public_html/vendor/laravel/framework/src/Illuminate/Container/Container.php(564): Illuminate\Container\Container->resolve('App\\Http\\Kernel', Array)
#3 /home4/ki317500/public_html/vendor/laravel/framework/src/Illuminate/Foundation/Application.php(709): Illuminate\Container\Container->makeWith('App\\Http\\Kernel', Array)
#4 /home4/ki317500/public_html/vendor/laravel/framework/src/Illuminate/Container/Container.php(248): Illuminate\Foundation\Application->makeWith('App\\Http\\Kernel',  in /home4/ki317500/public_html/vendor/laravel/framework/src/Illuminate/Container/Container.php on line 729
[14-Jun-2019 10:19:27 UTC] PHP Warning:  include(/home4/ki317500/public_html/vendor/composer/../../app/Http/Kernel.php): failed to open stream: No such file or directory in /home4/ki317500/public_html/vendor/composer/ClassLoader.php on line 444
[14-Jun-2019 10:19:27 UTC] PHP Warning:  include(): Failed opening '/home4/ki317500/public_html/vendor/composer/../../app/Http/Kernel.php' for inclusion (include_path='.:/usr/lib/php:/usr/local/lib/php') in /home4/ki317500/public_html/vendor/composer/ClassLoader.php on line 444
[14-Jun-2019 10:19:27 UTC] PHP Fatal error:  Uncaught exception 'ReflectionException' with message 'Class App\Http\Kernel does not exist' in /home4/ki317500/public_html/vendor/laravel/framework/src/Illuminate/Container/Container.php:729
Stack trace:
#0 /home4/ki317500/public_html/vendor/laravel/framework/src/Illuminate/Container/Container.php(729): ReflectionClass->__construct('App\\Http\\Kernel')
#1 /home4/ki317500/public_html/vendor/laravel/framework/src/Illuminate/Container/Container.php(608): Illuminate\Container\Container->build('App\\Http\\Kernel')
#2 /home4/ki317500/public_html/vendor/laravel/framework/src/Illuminate/Container/Container.php(564): Illuminate\Container\Container->resolve('App\\Http\\Kernel', Array)
#3 /home4/ki317500/public_html/vendor/laravel/framework/src/Illuminate/Foundation/Application.php(709): Illuminate\Container\Container->makeWith('App\\Http\\Kernel', Array)
#4 /home4/ki317500/public_html/vendor/laravel/framework/src/Illuminate/Container/Container.php(248): Illuminate\Foundation\Application->makeWith('App\\Http\\Kernel',  in /home4/ki317500/public_html/vendor/laravel/framework/src/Illuminate/Container/Container.php on line 729
[14-Jun-2019 10:19:39 UTC] PHP Warning:  include(/home4/ki317500/public_html/vendor/composer/../../app/Http/Kernel.php): failed to open stream: No such file or directory in /home4/ki317500/public_html/vendor/composer/ClassLoader.php on line 444
[14-Jun-2019 10:19:39 UTC] PHP Warning:  include(): Failed opening '/home4/ki317500/public_html/vendor/composer/../../app/Http/Kernel.php' for inclusion (include_path='.:/usr/lib/php:/usr/local/lib/php') in /home4/ki317500/public_html/vendor/composer/ClassLoader.php on line 444
[14-Jun-2019 10:19:39 UTC] PHP Fatal error:  Uncaught exception 'ReflectionException' with message 'Class App\Http\Kernel does not exist' in /home4/ki317500/public_html/vendor/laravel/framework/src/Illuminate/Container/Container.php:729
Stack trace:
#0 /home4/ki317500/public_html/vendor/laravel/framework/src/Illuminate/Container/Container.php(729): ReflectionClass->__construct('App\\Http\\Kernel')
#1 /home4/ki317500/public_html/vendor/laravel/framework/src/Illuminate/Container/Container.php(608): Illuminate\Container\Container->build('App\\Http\\Kernel')
#2 /home4/ki317500/public_html/vendor/laravel/framework/src/Illuminate/Container/Container.php(564): Illuminate\Container\Container->resolve('App\\Http\\Kernel', Array)
#3 /home4/ki317500/public_html/vendor/laravel/framework/src/Illuminate/Foundation/Application.php(709): Illuminate\Container\Container->makeWith('App\\Http\\Kernel', Array)
#4 /home4/ki317500/public_html/vendor/laravel/framework/src/Illuminate/Container/Container.php(248): Illuminate\Foundation\Application->makeWith('App\\Http\\Kernel',  in /home4/ki317500/public_html/vendor/laravel/framework/src/Illuminate/Container/Container.php on line 729
[14-Jun-2019 10:20:05 UTC] PHP Warning:  include(/home4/ki317500/public_html/vendor/composer/../../app/Http/Kernel.php): failed to open stream: No such file or directory in /home4/ki317500/public_html/vendor/composer/ClassLoader.php on line 444
[14-Jun-2019 10:20:05 UTC] PHP Warning:  include(): Failed opening '/home4/ki317500/public_html/vendor/composer/../../app/Http/Kernel.php' for inclusion (include_path='.:/usr/lib/php:/usr/local/lib/php') in /home4/ki317500/public_html/vendor/composer/ClassLoader.php on line 444
[14-Jun-2019 10:20:05 UTC] PHP Fatal error:  Uncaught exception 'ReflectionException' with message 'Class App\Http\Kernel does not exist' in /home4/ki317500/public_html/vendor/laravel/framework/src/Illuminate/Container/Container.php:729
Stack trace:
#0 /home4/ki317500/public_html/vendor/laravel/framework/src/Illuminate/Container/Container.php(729): ReflectionClass->__construct('App\\Http\\Kernel')
#1 /home4/ki317500/public_html/vendor/laravel/framework/src/Illuminate/Container/Container.php(608): Illuminate\Container\Container->build('App\\Http\\Kernel')
#2 /home4/ki317500/public_html/vendor/laravel/framework/src/Illuminate/Container/Container.php(564): Illuminate\Container\Container->resolve('App\\Http\\Kernel', Array)
#3 /home4/ki317500/public_html/vendor/laravel/framework/src/Illuminate/Foundation/Application.php(709): Illuminate\Container\Container->makeWith('App\\Http\\Kernel', Array)
#4 /home4/ki317500/public_html/vendor/laravel/framework/src/Illuminate/Container/Container.php(248): Illuminate\Foundation\Application->makeWith('App\\Http\\Kernel',  in /home4/ki317500/public_html/vendor/laravel/framework/src/Illuminate/Container/Container.php on line 729
[14-Jun-2019 10:21:54 UTC] PHP Warning:  include(/home4/ki317500/public_html/vendor/composer/../../app/Http/Kernel.php): failed to open stream: No such file or directory in /home4/ki317500/public_html/vendor/composer/ClassLoader.php on line 444
[14-Jun-2019 10:21:54 UTC] PHP Warning:  include(): Failed opening '/home4/ki317500/public_html/vendor/composer/../../app/Http/Kernel.php' for inclusion (include_path='.:/usr/lib/php:/usr/local/lib/php') in /home4/ki317500/public_html/vendor/composer/ClassLoader.php on line 444
[14-Jun-2019 10:21:54 UTC] PHP Fatal error:  Uncaught exception 'ReflectionException' with message 'Class App\Http\Kernel does not exist' in /home4/ki317500/public_html/vendor/laravel/framework/src/Illuminate/Container/Container.php:729
Stack trace:
#0 /home4/ki317500/public_html/vendor/laravel/framework/src/Illuminate/Container/Container.php(729): ReflectionClass->__construct('App\\Http\\Kernel')
#1 /home4/ki317500/public_html/vendor/laravel/framework/src/Illuminate/Container/Container.php(608): Illuminate\Container\Container->build('App\\Http\\Kernel')
#2 /home4/ki317500/public_html/vendor/laravel/framework/src/Illuminate/Container/Container.php(564): Illuminate\Container\Container->resolve('App\\Http\\Kernel', Array)
#3 /home4/ki317500/public_html/vendor/laravel/framework/src/Illuminate/Foundation/Application.php(709): Illuminate\Container\Container->makeWith('App\\Http\\Kernel', Array)
#4 /home4/ki317500/public_html/vendor/laravel/framework/src/Illuminate/Container/Container.php(248): Illuminate\Foundation\Application->makeWith('App\\Http\\Kernel',  in /home4/ki317500/public_html/vendor/laravel/framework/src/Illuminate/Container/Container.php on line 729
[17-Jun-2019 14:24:57 UTC] PHP Fatal error:  Call to undefined method Illuminate\Routing\Redirector::routes() in /home4/ki317500/public_html/app/Http/Controllers/FrontEnd/DashboardController.php on line 35
[02-Jul-2019 09:52:58 UTC] PHP Parse error:  syntax error, unexpected end of file in /home4/ki317500/public_html/storage/framework/views/9e07563d12bb20ccc5ccc6a8eedc3eaf7fb01031.php on line 656
[08-Jul-2019 10:54:24 UTC] PHP Parse error:  syntax error, unexpected ')', expecting ',' or ';' in /home4/ki317500/public_html/storage/framework/views/16e65aeef39747e4aa80ac64378b6362aac26854.php on line 94
[11-Jul-2019 09:52:08 UTC] PHP Fatal error:  Call to undefined method Illuminate\Routing\Redirector::routes() in /home4/ki317500/public_html/app/Http/Controllers/FrontEnd/DashboardController.php on line 35
[11-Jul-2019 10:00:55 UTC] PHP Fatal error:  Maximum execution time of 30 seconds exceeded in /home4/ki317500/public_html/app/Http/Controllers/FrontEnd/DashboardController.php on line 55
[11-Jul-2019 10:00:55 UTC] PHP Fatal error:  Maximum execution time of 30 seconds exceeded in /home4/ki317500/public_html/app/Http/Controllers/FrontEnd/DashboardController.php on line 55
[11-Jul-2019 10:04:22 UTC] PHP Parse error:  syntax error, unexpected ',', expecting identifier (T_STRING) or variable (T_VARIABLE) or '{' or '$' in /home4/ki317500/public_html/app/Http/Controllers/FrontEnd/DashboardController.php on line 49
[11-Jul-2019 10:25:24 UTC] PHP Fatal error:  Cannot access protected property Mailchimp_Error::$message in /home4/ki317500/public_html/app/Http/Controllers/FrontEnd/DashboardController.php on line 56
[16-Jul-2019 09:49:04 UTC] PHP Fatal error:  Class 'App\Http\Controllers\FrontEnd\Mail' not found in /home4/ki317500/public_html/app/Http/Controllers/FrontEnd/FrontEndController.php on line 201
[19-Oct-2019 03:54:24 UTC] PHP Fatal error:  Uncaught ErrorException: Undefined property: ErrorException::$getStatusCode in /home4/ki317500/public_html/app/Exceptions/Handler.php:47
Stack trace:
#0 /home4/ki317500/public_html/app/Exceptions/Handler.php(47): Illuminate\Foundation\Bootstrap\HandleExceptions->handleError(8, 'Undefined prope...', '/home4/ki317500...', 47, Array)
#1 /home4/ki317500/public_html/vendor/laravel/framework/src/Illuminate/Foundation/Bootstrap/HandleExceptions.php(112): App\Exceptions\Handler->render(Object(Illuminate\Http\Request), Object(ErrorException))
#2 /home4/ki317500/public_html/vendor/laravel/framework/src/Illuminate/Foundation/Bootstrap/HandleExceptions.php(89): Illuminate\Foundation\Bootstrap\HandleExceptions->renderHttpResponse(Object(ErrorException))
#3 [internal function]: Illuminate\Foundation\Bootstrap\HandleExceptions->handleException(Object(ErrorException))
#4 {main}
  thrown in /home4/ki317500/public_html/app/Exceptions/Handler.php on line 47
[19-Oct-2019 03:54:36 UTC] PHP Fatal error:  Uncaught Error: Call to undefined method Symfony\Component\Debug\Exception\FatalThrowableError::getStatusCode() in /home4/ki317500/public_html/app/Exceptions/Handler.php:47
Stack trace:
#0 /home4/ki317500/public_html/vendor/laravel/framework/src/Illuminate/Foundation/Bootstrap/HandleExceptions.php(112): App\Exceptions\Handler->render(Object(Illuminate\Http\Request), Object(Symfony\Component\Debug\Exception\FatalThrowableError))
#1 /home4/ki317500/public_html/vendor/laravel/framework/src/Illuminate/Foundation/Bootstrap/HandleExceptions.php(89): Illuminate\Foundation\Bootstrap\HandleExceptions->renderHttpResponse(Object(Symfony\Component\Debug\Exception\FatalThrowableError))
#2 [internal function]: Illuminate\Foundation\Bootstrap\HandleExceptions->handleException(Object(Symfony\Component\Debug\Exception\FatalThrowableError))
#3 {main}
  thrown in /home4/ki317500/public_html/app/Exceptions/Handler.php on line 47
[19-Oct-2019 03:55:56 UTC] PHP Fatal error:  Uncaught TypeError: Argument 1 passed to Illuminate\Foundation\Exceptions\Handler::renderHttpException() must be an instance of Symfony\Component\HttpKernel\Exception\HttpException, instance of Symfony\Component\Debug\Exception\FatalThrowableError given, called in /home4/ki317500/public_html/app/Exceptions/Handler.php on line 71 and defined in /home4/ki317500/public_html/vendor/laravel/framework/src/Illuminate/Foundation/Exceptions/Handler.php:185
Stack trace:
#0 /home4/ki317500/public_html/app/Exceptions/Handler.php(71): Illuminate\Foundation\Exceptions\Handler->renderHttpException(Object(Symfony\Component\Debug\Exception\FatalThrowableError))
#1 /home4/ki317500/public_html/vendor/laravel/framework/src/Illuminate/Foundation/Bootstrap/HandleExceptions.php(112): App\Exceptions\Handler->render(Object(Illuminate\Http\Request), Object(Symfony\Component\Debug\Exception\FatalThrowableError))
#2 /home4/ki317500/public_html/vendor/laravel/framework/src/Illuminate/Foundation/Bootstrap/HandleExceptions.php(89): Illumin in /home4/ki317500/public_html/vendor/laravel/framework/src/Illuminate/Foundation/Exceptions/Handler.php on line 185
[19-Oct-2019 04:11:28 UTC] PHP Fatal error:  Uncaught ErrorException: Undefined property: ErrorException::$FatalThrowableError in /home4/ki317500/public_html/app/Exceptions/Handler.php:47
Stack trace:
#0 /home4/ki317500/public_html/app/Exceptions/Handler.php(47): Illuminate\Foundation\Bootstrap\HandleExceptions->handleError(8, 'Undefined prope...', '/home4/ki317500...', 47, Array)
#1 /home4/ki317500/public_html/vendor/laravel/framework/src/Illuminate/Foundation/Bootstrap/HandleExceptions.php(112): App\Exceptions\Handler->render(Object(Illuminate\Http\Request), Object(ErrorException))
#2 /home4/ki317500/public_html/vendor/laravel/framework/src/Illuminate/Foundation/Bootstrap/HandleExceptions.php(89): Illuminate\Foundation\Bootstrap\HandleExceptions->renderHttpResponse(Object(ErrorException))
#3 [internal function]: Illuminate\Foundation\Bootstrap\HandleExceptions->handleException(Object(ErrorException))
#4 {main}
  thrown in /home4/ki317500/public_html/app/Exceptions/Handler.php on line 47
[19-Oct-2019 04:11:32 UTC] PHP Fatal error:  Uncaught ErrorException: Undefined property: ErrorException::$FatalThrowableError in /home4/ki317500/public_html/app/Exceptions/Handler.php:47
Stack trace:
#0 /home4/ki317500/public_html/app/Exceptions/Handler.php(47): Illuminate\Foundation\Bootstrap\HandleExceptions->handleError(8, 'Undefined prope...', '/home4/ki317500...', 47, Array)
#1 /home4/ki317500/public_html/vendor/laravel/framework/src/Illuminate/Foundation/Bootstrap/HandleExceptions.php(112): App\Exceptions\Handler->render(Object(Illuminate\Http\Request), Object(ErrorException))
#2 /home4/ki317500/public_html/vendor/laravel/framework/src/Illuminate/Foundation/Bootstrap/HandleExceptions.php(89): Illuminate\Foundation\Bootstrap\HandleExceptions->renderHttpResponse(Object(ErrorException))
#3 [internal function]: Illuminate\Foundation\Bootstrap\HandleExceptions->handleException(Object(ErrorException))
#4 {main}
  thrown in /home4/ki317500/public_html/app/Exceptions/Handler.php on line 47
[19-Oct-2019 04:12:16 UTC] PHP Fatal error:  Uncaught ErrorException: Undefined property: ErrorException::$FatalThrowableError in /home4/ki317500/public_html/app/Exceptions/Handler.php:47
Stack trace:
#0 /home4/ki317500/public_html/app/Exceptions/Handler.php(47): Illuminate\Foundation\Bootstrap\HandleExceptions->handleError(8, 'Undefined prope...', '/home4/ki317500...', 47, Array)
#1 /home4/ki317500/public_html/vendor/laravel/framework/src/Illuminate/Foundation/Bootstrap/HandleExceptions.php(112): App\Exceptions\Handler->render(Object(Illuminate\Http\Request), Object(ErrorException))
#2 /home4/ki317500/public_html/vendor/laravel/framework/src/Illuminate/Foundation/Bootstrap/HandleExceptions.php(89): Illuminate\Foundation\Bootstrap\HandleExceptions->renderHttpResponse(Object(ErrorException))
#3 [internal function]: Illuminate\Foundation\Bootstrap\HandleExceptions->handleException(Object(ErrorException))
#4 {main}
  thrown in /home4/ki317500/public_html/app/Exceptions/Handler.php on line 47
[19-Oct-2019 04:12:26 UTC] PHP Fatal error:  Uncaught ErrorException: Undefined property: ErrorException::$FatalThrowableError in /home4/ki317500/public_html/app/Exceptions/Handler.php:47
Stack trace:
#0 /home4/ki317500/public_html/app/Exceptions/Handler.php(47): Illuminate\Foundation\Bootstrap\HandleExceptions->handleError(8, 'Undefined prope...', '/home4/ki317500...', 47, Array)
#1 /home4/ki317500/public_html/vendor/laravel/framework/src/Illuminate/Foundation/Bootstrap/HandleExceptions.php(112): App\Exceptions\Handler->render(Object(Illuminate\Http\Request), Object(ErrorException))
#2 /home4/ki317500/public_html/vendor/laravel/framework/src/Illuminate/Foundation/Bootstrap/HandleExceptions.php(89): Illuminate\Foundation\Bootstrap\HandleExceptions->renderHttpResponse(Object(ErrorException))
#3 [internal function]: Illuminate\Foundation\Bootstrap\HandleExceptions->handleException(Object(ErrorException))
#4 {main}
  thrown in /home4/ki317500/public_html/app/Exceptions/Handler.php on line 47
[19-Oct-2019 04:13:13 UTC] PHP Fatal error:  Uncaught InvalidArgumentException: View [admin.errors.500] not found. in /home4/ki317500/public_html/vendor/laravel/framework/src/Illuminate/View/FileViewFinder.php:137
Stack trace:
#0 /home4/ki317500/public_html/vendor/laravel/framework/src/Illuminate/View/FileViewFinder.php(79): Illuminate\View\FileViewFinder->findInPaths('admin.errors.50...', Array)
#1 /home4/ki317500/public_html/vendor/laravel/framework/src/Illuminate/View/Factory.php(128): Illuminate\View\FileViewFinder->find('admin.errors.50...')
#2 /home4/ki317500/public_html/vendor/laravel/framework/src/Illuminate/Routing/ResponseFactory.php(69): Illuminate\View\Factory->make('admin.errors.50...', Array)
#3 /home4/ki317500/public_html/vendor/laravel/framework/src/Illuminate/Support/Facades/Facade.php(221): Illuminate\Routing\ResponseFactory->view('admin.errors.50...', Array, 500)
#4 /home4/ki317500/public_html/app/Exceptions/Handler.php(71): Illuminate\Support\Facades\Facade::__callStatic('view', Array)
#5 /home4/ki317500/public_html/vendor/laravel/fr in /home4/ki317500/public_html/vendor/laravel/framework/src/Illuminate/View/FileViewFinder.php on line 137
